d:\kgca41\output\debug\kym_2d_game\vc142.pdb
d:\kgca41\output\debug\kym_2d_game\vc142.idb
d:\kgca41\output\debug\kym_2d_game\sample.obj
d:\kgca41\output\debug\kym_2d_game\k_titlescene.obj
d:\kgca41\output\debug\kym_2d_game\k_scene.obj
d:\kgca41\output\debug\kym_2d_game\k_mapscene.obj
d:\kgca41\output\debug\kym_2d_game\k_endingscene.obj
d:\kgca41\output\debug\kym_2d_game\k_elitebattlescene.obj
d:\kgca41\output\debug\kym_2d_game\k_deckviewscene.obj
d:\kgca41\output\debug\kym_2d_game\k_deck.obj
d:\kgca41\output\debug\kym_2d_game\k_deathscene.obj
d:\kgca41\output\debug\kym_2d_game\k_cardrewardscene.obj
d:\kgca41\output\debug\kym_2d_game\k_battlescene.obj
d:\kgca41\output\debug\kym_2d_game\2dobjects.obj
d:\kgca41\output\debug\kym_2d_game\kym_2d_game.ilk
d:\kgca41\output\debug\kym_2d_game.exe
d:\kgca41\output\debug\kym_2d_game.pdb
d:\kgca41\output\debug\kym_2d_game\kym_2d_game.tlog\cl.command.1.tlog
d:\kgca41\output\debug\kym_2d_game\kym_2d_game.tlog\cl.read.1.tlog
d:\kgca41\output\debug\kym_2d_game\kym_2d_game.tlog\cl.write.1.tlog
d:\kgca41\output\debug\kym_2d_game\kym_2d_game.tlog\link.command.1.tlog
d:\kgca41\output\debug\kym_2d_game\kym_2d_game.tlog\link.read.1.tlog
d:\kgca41\output\debug\kym_2d_game\kym_2d_game.tlog\link.write.1.tlog
