C:\Program Files (x86)\Microsoft Visual Studio\2019\Professional\MSBuild\Microsoft\VC\v160\Microsoft.CppBuild.targets(498,5): warning MSB8004: Intermediate 디렉터리가 슬래시로 끝나지 않습니다. Intermediate 디렉터리의 적절한 평가를 허용하는 데 필요하므로 이 빌드 인스턴스에서 슬래시를 추가합니다.
C:\Program Files (x86)\Microsoft Visual Studio\2019\Professional\MSBuild\Microsoft\VC\v160\Microsoft.CppBuild.targets(499,5): warning MSB8004: Output 디렉터리가 슬래시로 끝나지 않습니다. Output 디렉터리의 적절한 평가를 허용하는 데 필요하므로 이 빌드 인스턴스에서 슬래시를 추가합니다.
  2dObjects.cpp
D:\KGCA41\KGCA41_kym\KYM_2D_Game\2dObjects.cpp(37,33): warning C4244: '=': 'LONG'에서 'float'(으)로 변환하면서 데이터가 손실될 수 있습니다.
D:\KGCA41\KGCA41_kym\KYM_2D_Game\2dObjects.cpp(38,33): warning C4244: '=': 'LONG'에서 'float'(으)로 변환하면서 데이터가 손실될 수 있습니다.
D:\KGCA41\KGCA41_kym\KYM_2D_Game\2dObjects.cpp(102,31): warning C4244: '=': 'LONG'에서 'float'(으)로 변환하면서 데이터가 손실될 수 있습니다.
D:\KGCA41\KGCA41_kym\KYM_2D_Game\2dObjects.cpp(103,31): warning C4244: '=': 'LONG'에서 'float'(으)로 변환하면서 데이터가 손실될 수 있습니다.
D:\KGCA41\KGCA41_kym\KYM_2D_Game\2dObjects.cpp(176,31): warning C4244: '=': 'LONG'에서 'float'(으)로 변환하면서 데이터가 손실될 수 있습니다.
D:\KGCA41\KGCA41_kym\KYM_2D_Game\2dObjects.cpp(177,31): warning C4244: '=': 'LONG'에서 'float'(으)로 변환하면서 데이터가 손실될 수 있습니다.
D:\KGCA41\KGCA41_kym\KYM_2D_Game\2dObjects.cpp(267,33): warning C4244: '=': 'LONG'에서 'float'(으)로 변환하면서 데이터가 손실될 수 있습니다.
D:\KGCA41\KGCA41_kym\KYM_2D_Game\2dObjects.cpp(268,33): warning C4244: '=': 'LONG'에서 'float'(으)로 변환하면서 데이터가 손실될 수 있습니다.
  K_BattleScene.cpp
D:\KGCA41\KGCA41_kym\KYM_2D_Game\K_BattleScene.cpp(328,46): warning C4305: '초기화 중': 'double'에서 'float'(으)로 잘립니다.
  K_CardRewardScene.cpp
  K_DeathScene.cpp
  K_Deck.cpp
  K_DeckViewScene.cpp
  K_EliteBattleScene.cpp
D:\KGCA41\KGCA41_kym\KYM_2D_Game\K_EliteBattleScene.cpp(336,46): warning C4305: '초기화 중': 'double'에서 'float'(으)로 잘립니다.
  K_EndingScene.cpp
  K_MapScene.cpp
D:\KGCA41\KGCA41_kym\KYM_2D_Game\K_MapScene.cpp(112,33): warning C4244: '=': 'LONG'에서 'float'(으)로 변환하면서 데이터가 손실될 수 있습니다.
D:\KGCA41\KGCA41_kym\KYM_2D_Game\K_MapScene.cpp(113,33): warning C4244: '=': 'LONG'에서 'float'(으)로 변환하면서 데이터가 손실될 수 있습니다.
D:\KGCA41\KGCA41_kym\KYM_2D_Game\K_MapScene.cpp(150,2): warning C4267: '초기화 중': 'size_t'에서 'int'(으)로 변환하면서 데이터가 손실될 수 있습니다.
D:\KGCA41\KGCA41_kym\KYM_2D_Game\K_MapScene.cpp(151,2): warning C4267: '초기화 중': 'size_t'에서 'int'(으)로 변환하면서 데이터가 손실될 수 있습니다.
  K_Scene.cpp
  K_TitleScene.cpp
D:\KGCA41\KGCA41_kym\KYM_2D_Game\K_TitleScene.cpp(99,2): warning C4267: '초기화 중': 'size_t'에서 'int'(으)로 변환하면서 데이터가 손실될 수 있습니다.
  Sample.cpp
  코드를 생성하고 있습니다...
2dObjects.obj : error LNK2019: "public: __cdecl k_Vector::k_Vector(float,float,float)" (??0k_Vector@@QEAA@MMM@Z)"public: virtual void __cdecl K_Button::UpdateVertexBuffer(void)" (?UpdateVertexBuffer@K_Button@@UEAAXXZ) 함수에서 참조되는 확인할 수 없는 외부 기호
K_TitleScene.obj : error LNK2001: 확인할 수 없는 외부 기호 "public: __cdecl k_Vector4D::k_Vector4D(float,float,float,float)" (??0k_Vector4D@@QEAA@MMMM@Z)
K_EliteBattleScene.obj : error LNK2001: 확인할 수 없는 외부 기호 "public: __cdecl k_Vector4D::k_Vector4D(float,float,float,float)" (??0k_Vector4D@@QEAA@MMMM@Z)
K_EndingScene.obj : error LNK2001: 확인할 수 없는 외부 기호 "public: __cdecl k_Vector4D::k_Vector4D(float,float,float,float)" (??0k_Vector4D@@QEAA@MMMM@Z)
K_MapScene.obj : error LNK2001: 확인할 수 없는 외부 기호 "public: __cdecl k_Vector4D::k_Vector4D(float,float,float,float)" (??0k_Vector4D@@QEAA@MMMM@Z)
K_Scene.obj : error LNK2001: 확인할 수 없는 외부 기호 "public: __cdecl k_Vector4D::k_Vector4D(float,float,float,float)" (??0k_Vector4D@@QEAA@MMMM@Z)
2dObjects.obj : error LNK2001: 확인할 수 없는 외부 기호 "public: __cdecl k_Vector4D::k_Vector4D(float,float,float,float)" (??0k_Vector4D@@QEAA@MMMM@Z)
K_BattleScene.obj : error LNK2001: 확인할 수 없는 외부 기호 "public: __cdecl k_Vector4D::k_Vector4D(float,float,float,float)" (??0k_Vector4D@@QEAA@MMMM@Z)
K_CardRewardScene.obj : error LNK2001: 확인할 수 없는 외부 기호 "public: __cdecl k_Vector4D::k_Vector4D(float,float,float,float)" (??0k_Vector4D@@QEAA@MMMM@Z)
K_DeckViewScene.obj : error LNK2001: 확인할 수 없는 외부 기호 "public: __cdecl k_Vector4D::k_Vector4D(float,float,float,float)" (??0k_Vector4D@@QEAA@MMMM@Z)
K_TitleScene.obj : error LNK2001: 확인할 수 없는 외부 기호 "public: __cdecl k_Vector2D::k_Vector2D(void)" (??0k_Vector2D@@QEAA@XZ)
Sample.obj : error LNK2001: 확인할 수 없는 외부 기호 "public: __cdecl k_Vector2D::k_Vector2D(void)" (??0k_Vector2D@@QEAA@XZ)
K_EliteBattleScene.obj : error LNK2001: 확인할 수 없는 외부 기호 "public: __cdecl k_Vector2D::k_Vector2D(void)" (??0k_Vector2D@@QEAA@XZ)
K_EndingScene.obj : error LNK2001: 확인할 수 없는 외부 기호 "public: __cdecl k_Vector2D::k_Vector2D(void)" (??0k_Vector2D@@QEAA@XZ)
K_MapScene.obj : error LNK2001: 확인할 수 없는 외부 기호 "public: __cdecl k_Vector2D::k_Vector2D(void)" (??0k_Vector2D@@QEAA@XZ)
K_Scene.obj : error LNK2001: 확인할 수 없는 외부 기호 "public: __cdecl k_Vector2D::k_Vector2D(void)" (??0k_Vector2D@@QEAA@XZ)
2dObjects.obj : error LNK2001: 확인할 수 없는 외부 기호 "public: __cdecl k_Vector2D::k_Vector2D(void)" (??0k_Vector2D@@QEAA@XZ)
K_BattleScene.obj : error LNK2001: 확인할 수 없는 외부 기호 "public: __cdecl k_Vector2D::k_Vector2D(void)" (??0k_Vector2D@@QEAA@XZ)
K_CardRewardScene.obj : error LNK2001: 확인할 수 없는 외부 기호 "public: __cdecl k_Vector2D::k_Vector2D(void)" (??0k_Vector2D@@QEAA@XZ)
K_DeckViewScene.obj : error LNK2001: 확인할 수 없는 외부 기호 "public: __cdecl k_Vector2D::k_Vector2D(void)" (??0k_Vector2D@@QEAA@XZ)
K_TitleScene.obj : error LNK2001: 확인할 수 없는 외부 기호 "public: __cdecl k_Vector2D::k_Vector2D(float,float)" (??0k_Vector2D@@QEAA@MM@Z)
Sample.obj : error LNK2001: 확인할 수 없는 외부 기호 "public: __cdecl k_Vector2D::k_Vector2D(float,float)" (??0k_Vector2D@@QEAA@MM@Z)
K_EliteBattleScene.obj : error LNK2001: 확인할 수 없는 외부 기호 "public: __cdecl k_Vector2D::k_Vector2D(float,float)" (??0k_Vector2D@@QEAA@MM@Z)
K_EndingScene.obj : error LNK2001: 확인할 수 없는 외부 기호 "public: __cdecl k_Vector2D::k_Vector2D(float,float)" (??0k_Vector2D@@QEAA@MM@Z)
K_MapScene.obj : error LNK2001: 확인할 수 없는 외부 기호 "public: __cdecl k_Vector2D::k_Vector2D(float,float)" (??0k_Vector2D@@QEAA@MM@Z)
K_Scene.obj : error LNK2001: 확인할 수 없는 외부 기호 "public: __cdecl k_Vector2D::k_Vector2D(float,float)" (??0k_Vector2D@@QEAA@MM@Z)
2dObjects.obj : error LNK2001: 확인할 수 없는 외부 기호 "public: __cdecl k_Vector2D::k_Vector2D(float,float)" (??0k_Vector2D@@QEAA@MM@Z)
K_BattleScene.obj : error LNK2001: 확인할 수 없는 외부 기호 "public: __cdecl k_Vector2D::k_Vector2D(float,float)" (??0k_Vector2D@@QEAA@MM@Z)
K_CardRewardScene.obj : error LNK2001: 확인할 수 없는 외부 기호 "public: __cdecl k_Vector2D::k_Vector2D(float,float)" (??0k_Vector2D@@QEAA@MM@Z)
K_DeckViewScene.obj : error LNK2001: 확인할 수 없는 외부 기호 "public: __cdecl k_Vector2D::k_Vector2D(float,float)" (??0k_Vector2D@@QEAA@MM@Z)
2dObjects.obj : error LNK2019: "public: class k_Vector2D __cdecl k_Vector2D::operator+=(class k_Vector2D &)" (??Yk_Vector2D@@QEAA?AV0@AEAV0@@Z)"public: virtual bool __cdecl K_Card::Frame(void)" (?Frame@K_Card@@UEAA_NXZ) 함수에서 참조되는 확인할 수 없는 외부 기호
2dObjects.obj : error LNK2001: 확인할 수 없는 외부 기호 "public: virtual bool __cdecl K_Input::Init(void)" (?Init@K_Input@@UEAA_NXZ)
K_MapScene.obj : error LNK2001: 확인할 수 없는 외부 기호 "public: virtual bool __cdecl K_Input::Init(void)" (?Init@K_Input@@UEAA_NXZ)
K_Scene.obj : error LNK2001: 확인할 수 없는 외부 기호 "public: virtual bool __cdecl K_Input::Init(void)" (?Init@K_Input@@UEAA_NXZ)
2dObjects.obj : error LNK2001: 확인할 수 없는 외부 기호 "public: virtual bool __cdecl K_Input::Frame(void)" (?Frame@K_Input@@UEAA_NXZ)
K_MapScene.obj : error LNK2001: 확인할 수 없는 외부 기호 "public: virtual bool __cdecl K_Input::Frame(void)" (?Frame@K_Input@@UEAA_NXZ)
K_Scene.obj : error LNK2001: 확인할 수 없는 외부 기호 "public: virtual bool __cdecl K_Input::Frame(void)" (?Frame@K_Input@@UEAA_NXZ)
2dObjects.obj : error LNK2001: 확인할 수 없는 외부 기호 "public: virtual bool __cdecl K_Input::Render(void)" (?Render@K_Input@@UEAA_NXZ)
K_MapScene.obj : error LNK2001: 확인할 수 없는 외부 기호 "public: virtual bool __cdecl K_Input::Render(void)" (?Render@K_Input@@UEAA_NXZ)
K_Scene.obj : error LNK2001: 확인할 수 없는 외부 기호 "public: virtual bool __cdecl K_Input::Render(void)" (?Render@K_Input@@UEAA_NXZ)
2dObjects.obj : error LNK2001: 확인할 수 없는 외부 기호 "public: virtual bool __cdecl K_Input::Release(void)" (?Release@K_Input@@UEAA_NXZ)
K_MapScene.obj : error LNK2001: 확인할 수 없는 외부 기호 "public: virtual bool __cdecl K_Input::Release(void)" (?Release@K_Input@@UEAA_NXZ)
K_Scene.obj : error LNK2001: 확인할 수 없는 외부 기호 "public: virtual bool __cdecl K_Input::Release(void)" (?Release@K_Input@@UEAA_NXZ)
2dObjects.obj : error LNK2019: "public: unsigned long __cdecl K_Input::GetKey(unsigned long)" (?GetKey@K_Input@@QEAAKK@Z)"public: virtual bool __cdecl K_Button::Frame(void)" (?Frame@K_Button@@UEAA_NXZ) 함수에서 참조되는 확인할 수 없는 외부 기호
K_MapScene.obj : error LNK2001: 확인할 수 없는 외부 기호 "public: unsigned long __cdecl K_Input::GetKey(unsigned long)" (?GetKey@K_Input@@QEAAKK@Z)
K_TitleScene.obj : error LNK2001: 확인할 수 없는 외부 기호 "struct tagRECT g_rtClient" (?g_rtClient@@3UtagRECT@@A)
2dObjects.obj : error LNK2001: 확인할 수 없는 외부 기호 "struct tagRECT g_rtClient" (?g_rtClient@@3UtagRECT@@A)
K_BattleScene.obj : error LNK2001: 확인할 수 없는 외부 기호 "struct tagRECT g_rtClient" (?g_rtClient@@3UtagRECT@@A)
K_EliteBattleScene.obj : error LNK2001: 확인할 수 없는 외부 기호 "struct tagRECT g_rtClient" (?g_rtClient@@3UtagRECT@@A)
K_Scene.obj : error LNK2001: 확인할 수 없는 외부 기호 "struct tagRECT g_rtClient" (?g_rtClient@@3UtagRECT@@A)
K_TitleScene.obj : error LNK2001: 확인할 수 없는 외부 기호 "float g_fSecondPerFrame" (?g_fSecondPerFrame@@3MA)
2dObjects.obj : error LNK2001: 확인할 수 없는 외부 기호 "float g_fSecondPerFrame" (?g_fSecondPerFrame@@3MA)
K_BattleScene.obj : error LNK2001: 확인할 수 없는 외부 기호 "float g_fSecondPerFrame" (?g_fSecondPerFrame@@3MA)
K_EliteBattleScene.obj : error LNK2001: 확인할 수 없는 외부 기호 "float g_fSecondPerFrame" (?g_fSecondPerFrame@@3MA)
K_MapScene.obj : error LNK2001: 확인할 수 없는 외부 기호 "float g_fSecondPerFrame" (?g_fSecondPerFrame@@3MA)
K_MapScene.obj : error LNK2001: 확인할 수 없는 외부 기호 "public: virtual bool __cdecl K_Write::Init(void)" (?Init@K_Write@@UEAA_NXZ)
K_Scene.obj : error LNK2001: 확인할 수 없는 외부 기호 "public: virtual bool __cdecl K_Write::Init(void)" (?Init@K_Write@@UEAA_NXZ)
K_BattleScene.obj : error LNK2001: 확인할 수 없는 외부 기호 "public: virtual bool __cdecl K_Write::Init(void)" (?Init@K_Write@@UEAA_NXZ)
K_CardRewardScene.obj : error LNK2001: 확인할 수 없는 외부 기호 "public: virtual bool __cdecl K_Write::Init(void)" (?Init@K_Write@@UEAA_NXZ)
K_DeckViewScene.obj : error LNK2001: 확인할 수 없는 외부 기호 "public: virtual bool __cdecl K_Write::Init(void)" (?Init@K_Write@@UEAA_NXZ)
K_EliteBattleScene.obj : error LNK2001: 확인할 수 없는 외부 기호 "public: virtual bool __cdecl K_Write::Init(void)" (?Init@K_Write@@UEAA_NXZ)
K_MapScene.obj : error LNK2001: 확인할 수 없는 외부 기호 "public: virtual bool __cdecl K_Write::Frame(void)" (?Frame@K_Write@@UEAA_NXZ)
K_Scene.obj : error LNK2001: 확인할 수 없는 외부 기호 "public: virtual bool __cdecl K_Write::Frame(void)" (?Frame@K_Write@@UEAA_NXZ)
K_BattleScene.obj : error LNK2001: 확인할 수 없는 외부 기호 "public: virtual bool __cdecl K_Write::Frame(void)" (?Frame@K_Write@@UEAA_NXZ)
K_CardRewardScene.obj : error LNK2001: 확인할 수 없는 외부 기호 "public: virtual bool __cdecl K_Write::Frame(void)" (?Frame@K_Write@@UEAA_NXZ)
K_DeckViewScene.obj : error LNK2001: 확인할 수 없는 외부 기호 "public: virtual bool __cdecl K_Write::Frame(void)" (?Frame@K_Write@@UEAA_NXZ)
K_EliteBattleScene.obj : error LNK2001: 확인할 수 없는 외부 기호 "public: virtual bool __cdecl K_Write::Frame(void)" (?Frame@K_Write@@UEAA_NXZ)
K_MapScene.obj : error LNK2001: 확인할 수 없는 외부 기호 "public: virtual bool __cdecl K_Write::Render(void)" (?Render@K_Write@@UEAA_NXZ)
K_Scene.obj : error LNK2001: 확인할 수 없는 외부 기호 "public: virtual bool __cdecl K_Write::Render(void)" (?Render@K_Write@@UEAA_NXZ)
K_BattleScene.obj : error LNK2001: 확인할 수 없는 외부 기호 "public: virtual bool __cdecl K_Write::Render(void)" (?Render@K_Write@@UEAA_NXZ)
K_CardRewardScene.obj : error LNK2001: 확인할 수 없는 외부 기호 "public: virtual bool __cdecl K_Write::Render(void)" (?Render@K_Write@@UEAA_NXZ)
K_DeckViewScene.obj : error LNK2001: 확인할 수 없는 외부 기호 "public: virtual bool __cdecl K_Write::Render(void)" (?Render@K_Write@@UEAA_NXZ)
K_EliteBattleScene.obj : error LNK2001: 확인할 수 없는 외부 기호 "public: virtual bool __cdecl K_Write::Render(void)" (?Render@K_Write@@UEAA_NXZ)
K_MapScene.obj : error LNK2001: 확인할 수 없는 외부 기호 "public: virtual bool __cdecl K_Write::Release(void)" (?Release@K_Write@@UEAA_NXZ)
K_Scene.obj : error LNK2001: 확인할 수 없는 외부 기호 "public: virtual bool __cdecl K_Write::Release(void)" (?Release@K_Write@@UEAA_NXZ)
K_BattleScene.obj : error LNK2001: 확인할 수 없는 외부 기호 "public: virtual bool __cdecl K_Write::Release(void)" (?Release@K_Write@@UEAA_NXZ)
K_CardRewardScene.obj : error LNK2001: 확인할 수 없는 외부 기호 "public: virtual bool __cdecl K_Write::Release(void)" (?Release@K_Write@@UEAA_NXZ)
K_DeckViewScene.obj : error LNK2001: 확인할 수 없는 외부 기호 "public: virtual bool __cdecl K_Write::Release(void)" (?Release@K_Write@@UEAA_NXZ)
K_EliteBattleScene.obj : error LNK2001: 확인할 수 없는 외부 기호 "public: virtual bool __cdecl K_Write::Release(void)" (?Release@K_Write@@UEAA_NXZ)
K_MapScene.obj : error LNK2001: 확인할 수 없는 외부 기호 "public: bool __cdecl K_Write::Draw(float,float,class std::basic_string<wchar_t,struct std::char_traits<wchar_t>,class std::allocator<wchar_t> >,struct _D3DCOLORVALUE)" (?Draw@K_Write@@QEAA_NMMV?$basic_string@_WU?$char_traits@_W@std@@V?$allocator@_W@2@@std@@U_D3DCOLORVALUE@@@Z)
K_Scene.obj : error LNK2001: 확인할 수 없는 외부 기호 "public: bool __cdecl K_Write::Draw(float,float,class std::basic_string<wchar_t,struct std::char_traits<wchar_t>,class std::allocator<wchar_t> >,struct _D3DCOLORVALUE)" (?Draw@K_Write@@QEAA_NMMV?$basic_string@_WU?$char_traits@_W@std@@V?$allocator@_W@2@@std@@U_D3DCOLORVALUE@@@Z)
K_BattleScene.obj : error LNK2001: 확인할 수 없는 외부 기호 "public: bool __cdecl K_Write::Draw(float,float,class std::basic_string<wchar_t,struct std::char_traits<wchar_t>,class std::allocator<wchar_t> >,struct _D3DCOLORVALUE)" (?Draw@K_Write@@QEAA_NMMV?$basic_string@_WU?$char_traits@_W@std@@V?$allocator@_W@2@@std@@U_D3DCOLORVALUE@@@Z)
K_CardRewardScene.obj : error LNK2001: 확인할 수 없는 외부 기호 "public: bool __cdecl K_Write::Draw(float,float,class std::basic_string<wchar_t,struct std::char_traits<wchar_t>,class std::allocator<wchar_t> >,struct _D3DCOLORVALUE)" (?Draw@K_Write@@QEAA_NMMV?$basic_string@_WU?$char_traits@_W@std@@V?$allocator@_W@2@@std@@U_D3DCOLORVALUE@@@Z)
K_DeckViewScene.obj : error LNK2001: 확인할 수 없는 외부 기호 "public: bool __cdecl K_Write::Draw(float,float,class std::basic_string<wchar_t,struct std::char_traits<wchar_t>,class std::allocator<wchar_t> >,struct _D3DCOLORVALUE)" (?Draw@K_Write@@QEAA_NMMV?$basic_string@_WU?$char_traits@_W@std@@V?$allocator@_W@2@@std@@U_D3DCOLORVALUE@@@Z)
K_EliteBattleScene.obj : error LNK2001: 확인할 수 없는 외부 기호 "public: bool __cdecl K_Write::Draw(float,float,class std::basic_string<wchar_t,struct std::char_traits<wchar_t>,class std::allocator<wchar_t> >,struct _D3DCOLORVALUE)" (?Draw@K_Write@@QEAA_NMMV?$basic_string@_WU?$char_traits@_W@std@@V?$allocator@_W@2@@std@@U_D3DCOLORVALUE@@@Z)
K_MapScene.obj : error LNK2001: 확인할 수 없는 외부 기호 "private: __cdecl K_TextureManager::K_TextureManager(void)" (??0K_TextureManager@@AEAA@XZ)
K_Scene.obj : error LNK2001: 확인할 수 없는 외부 기호 "private: __cdecl K_TextureManager::K_TextureManager(void)" (??0K_TextureManager@@AEAA@XZ)
K_TitleScene.obj : error LNK2001: 확인할 수 없는 외부 기호 "private: __cdecl K_TextureManager::K_TextureManager(void)" (??0K_TextureManager@@AEAA@XZ)
K_BattleScene.obj : error LNK2001: 확인할 수 없는 외부 기호 "private: __cdecl K_TextureManager::K_TextureManager(void)" (??0K_TextureManager@@AEAA@XZ)
K_CardRewardScene.obj : error LNK2001: 확인할 수 없는 외부 기호 "private: __cdecl K_TextureManager::K_TextureManager(void)" (??0K_TextureManager@@AEAA@XZ)
K_DeckViewScene.obj : error LNK2001: 확인할 수 없는 외부 기호 "private: __cdecl K_TextureManager::K_TextureManager(void)" (??0K_TextureManager@@AEAA@XZ)
K_EliteBattleScene.obj : error LNK2001: 확인할 수 없는 외부 기호 "private: __cdecl K_TextureManager::K_TextureManager(void)" (??0K_TextureManager@@AEAA@XZ)
K_MapScene.obj : error LNK2001: 확인할 수 없는 외부 기호 "private: __cdecl K_TextureManager::~K_TextureManager(void)" (??1K_TextureManager@@AEAA@XZ)
K_Scene.obj : error LNK2001: 확인할 수 없는 외부 기호 "private: __cdecl K_TextureManager::~K_TextureManager(void)" (??1K_TextureManager@@AEAA@XZ)
K_TitleScene.obj : error LNK2001: 확인할 수 없는 외부 기호 "private: __cdecl K_TextureManager::~K_TextureManager(void)" (??1K_TextureManager@@AEAA@XZ)
K_BattleScene.obj : error LNK2001: 확인할 수 없는 외부 기호 "private: __cdecl K_TextureManager::~K_TextureManager(void)" (??1K_TextureManager@@AEAA@XZ)
K_CardRewardScene.obj : error LNK2001: 확인할 수 없는 외부 기호 "private: __cdecl K_TextureManager::~K_TextureManager(void)" (??1K_TextureManager@@AEAA@XZ)
K_DeckViewScene.obj : error LNK2001: 확인할 수 없는 외부 기호 "private: __cdecl K_TextureManager::~K_TextureManager(void)" (??1K_TextureManager@@AEAA@XZ)
K_EliteBattleScene.obj : error LNK2001: 확인할 수 없는 외부 기호 "private: __cdecl K_TextureManager::~K_TextureManager(void)" (??1K_TextureManager@@AEAA@XZ)
K_MapScene.obj : error LNK2001: 확인할 수 없는 외부 기호 "public: class K_Texture * __cdecl K_TextureManager::Load(class std::basic_string<wchar_t,struct std::char_traits<wchar_t>,class std::allocator<wchar_t> >)" (?Load@K_TextureManager@@QEAAPEAVK_Texture@@V?$basic_string@_WU?$char_traits@_W@std@@V?$allocator@_W@2@@std@@@Z)
K_Scene.obj : error LNK2001: 확인할 수 없는 외부 기호 "public: class K_Texture * __cdecl K_TextureManager::Load(class std::basic_string<wchar_t,struct std::char_traits<wchar_t>,class std::allocator<wchar_t> >)" (?Load@K_TextureManager@@QEAAPEAVK_Texture@@V?$basic_string@_WU?$char_traits@_W@std@@V?$allocator@_W@2@@std@@@Z)
K_TitleScene.obj : error LNK2001: 확인할 수 없는 외부 기호 "public: class K_Texture * __cdecl K_TextureManager::Load(class std::basic_string<wchar_t,struct std::char_traits<wchar_t>,class std::allocator<wchar_t> >)" (?Load@K_TextureManager@@QEAAPEAVK_Texture@@V?$basic_string@_WU?$char_traits@_W@std@@V?$allocator@_W@2@@std@@@Z)
K_BattleScene.obj : error LNK2001: 확인할 수 없는 외부 기호 "public: class K_Texture * __cdecl K_TextureManager::Load(class std::basic_string<wchar_t,struct std::char_traits<wchar_t>,class std::allocator<wchar_t> >)" (?Load@K_TextureManager@@QEAAPEAVK_Texture@@V?$basic_string@_WU?$char_traits@_W@std@@V?$allocator@_W@2@@std@@@Z)
K_CardRewardScene.obj : error LNK2001: 확인할 수 없는 외부 기호 "public: class K_Texture * __cdecl K_TextureManager::Load(class std::basic_string<wchar_t,struct std::char_traits<wchar_t>,class std::allocator<wchar_t> >)" (?Load@K_TextureManager@@QEAAPEAVK_Texture@@V?$basic_string@_WU?$char_traits@_W@std@@V?$allocator@_W@2@@std@@@Z)
K_DeckViewScene.obj : error LNK2001: 확인할 수 없는 외부 기호 "public: class K_Texture * __cdecl K_TextureManager::Load(class std::basic_string<wchar_t,struct std::char_traits<wchar_t>,class std::allocator<wchar_t> >)" (?Load@K_TextureManager@@QEAAPEAVK_Texture@@V?$basic_string@_WU?$char_traits@_W@std@@V?$allocator@_W@2@@std@@@Z)
K_EliteBattleScene.obj : error LNK2001: 확인할 수 없는 외부 기호 "public: class K_Texture * __cdecl K_TextureManager::Load(class std::basic_string<wchar_t,struct std::char_traits<wchar_t>,class std::allocator<wchar_t> >)" (?Load@K_TextureManager@@QEAAPEAVK_Texture@@V?$basic_string@_WU?$char_traits@_W@std@@V?$allocator@_W@2@@std@@@Z)
K_EndingScene.obj : error LNK2001: 확인할 수 없는 외부 기호 "public: __cdecl k_Vector4D::k_Vector4D(void)" (??0k_Vector4D@@QEAA@XZ)
K_MapScene.obj : error LNK2001: 확인할 수 없는 외부 기호 "public: __cdecl k_Vector4D::k_Vector4D(void)" (??0k_Vector4D@@QEAA@XZ)
K_Scene.obj : error LNK2001: 확인할 수 없는 외부 기호 "public: __cdecl k_Vector4D::k_Vector4D(void)" (??0k_Vector4D@@QEAA@XZ)
K_TitleScene.obj : error LNK2001: 확인할 수 없는 외부 기호 "public: __cdecl k_Vector4D::k_Vector4D(void)" (??0k_Vector4D@@QEAA@XZ)
K_BattleScene.obj : error LNK2001: 확인할 수 없는 외부 기호 "public: __cdecl k_Vector4D::k_Vector4D(void)" (??0k_Vector4D@@QEAA@XZ)
K_CardRewardScene.obj : error LNK2001: 확인할 수 없는 외부 기호 "public: __cdecl k_Vector4D::k_Vector4D(void)" (??0k_Vector4D@@QEAA@XZ)
K_DeckViewScene.obj : error LNK2001: 확인할 수 없는 외부 기호 "public: __cdecl k_Vector4D::k_Vector4D(void)" (??0k_Vector4D@@QEAA@XZ)
K_EliteBattleScene.obj : error LNK2001: 확인할 수 없는 외부 기호 "public: __cdecl k_Vector4D::k_Vector4D(void)" (??0k_Vector4D@@QEAA@XZ)
K_EndingScene.obj : error LNK2001: 확인할 수 없는 외부 기호 "public: virtual bool __cdecl K_BaseObject::Init(void)" (?Init@K_BaseObject@@UEAA_NXZ)
K_MapScene.obj : error LNK2001: 확인할 수 없는 외부 기호 "public: virtual bool __cdecl K_BaseObject::Init(void)" (?Init@K_BaseObject@@UEAA_NXZ)
K_Scene.obj : error LNK2001: 확인할 수 없는 외부 기호 "public: virtual bool __cdecl K_BaseObject::Init(void)" (?Init@K_BaseObject@@UEAA_NXZ)
K_TitleScene.obj : error LNK2001: 확인할 수 없는 외부 기호 "public: virtual bool __cdecl K_BaseObject::Init(void)" (?Init@K_BaseObject@@UEAA_NXZ)
K_BattleScene.obj : error LNK2001: 확인할 수 없는 외부 기호 "public: virtual bool __cdecl K_BaseObject::Init(void)" (?Init@K_BaseObject@@UEAA_NXZ)
K_CardRewardScene.obj : error LNK2001: 확인할 수 없는 외부 기호 "public: virtual bool __cdecl K_BaseObject::Init(void)" (?Init@K_BaseObject@@UEAA_NXZ)
K_DeckViewScene.obj : error LNK2001: 확인할 수 없는 외부 기호 "public: virtual bool __cdecl K_BaseObject::Init(void)" (?Init@K_BaseObject@@UEAA_NXZ)
K_EliteBattleScene.obj : error LNK2001: 확인할 수 없는 외부 기호 "public: virtual bool __cdecl K_BaseObject::Init(void)" (?Init@K_BaseObject@@UEAA_NXZ)
K_EndingScene.obj : error LNK2001: 확인할 수 없는 외부 기호 "public: virtual bool __cdecl K_BaseObject::Frame(void)" (?Frame@K_BaseObject@@UEAA_NXZ)
K_MapScene.obj : error LNK2001: 확인할 수 없는 외부 기호 "public: virtual bool __cdecl K_BaseObject::Frame(void)" (?Frame@K_BaseObject@@UEAA_NXZ)
K_Scene.obj : error LNK2001: 확인할 수 없는 외부 기호 "public: virtual bool __cdecl K_BaseObject::Frame(void)" (?Frame@K_BaseObject@@UEAA_NXZ)
K_TitleScene.obj : error LNK2001: 확인할 수 없는 외부 기호 "public: virtual bool __cdecl K_BaseObject::Frame(void)" (?Frame@K_BaseObject@@UEAA_NXZ)
K_BattleScene.obj : error LNK2001: 확인할 수 없는 외부 기호 "public: virtual bool __cdecl K_BaseObject::Frame(void)" (?Frame@K_BaseObject@@UEAA_NXZ)
K_CardRewardScene.obj : error LNK2001: 확인할 수 없는 외부 기호 "public: virtual bool __cdecl K_BaseObject::Frame(void)" (?Frame@K_BaseObject@@UEAA_NXZ)
K_DeckViewScene.obj : error LNK2001: 확인할 수 없는 외부 기호 "public: virtual bool __cdecl K_BaseObject::Frame(void)" (?Frame@K_BaseObject@@UEAA_NXZ)
K_EliteBattleScene.obj : error LNK2001: 확인할 수 없는 외부 기호 "public: virtual bool __cdecl K_BaseObject::Frame(void)" (?Frame@K_BaseObject@@UEAA_NXZ)
K_EndingScene.obj : error LNK2001: 확인할 수 없는 외부 기호 "public: virtual bool __cdecl K_BaseObject::PreRender(void)" (?PreRender@K_BaseObject@@UEAA_NXZ)
K_MapScene.obj : error LNK2001: 확인할 수 없는 외부 기호 "public: virtual bool __cdecl K_BaseObject::PreRender(void)" (?PreRender@K_BaseObject@@UEAA_NXZ)
K_Scene.obj : error LNK2001: 확인할 수 없는 외부 기호 "public: virtual bool __cdecl K_BaseObject::PreRender(void)" (?PreRender@K_BaseObject@@UEAA_NXZ)
K_TitleScene.obj : error LNK2001: 확인할 수 없는 외부 기호 "public: virtual bool __cdecl K_BaseObject::PreRender(void)" (?PreRender@K_BaseObject@@UEAA_NXZ)
K_BattleScene.obj : error LNK2001: 확인할 수 없는 외부 기호 "public: virtual bool __cdecl K_BaseObject::PreRender(void)" (?PreRender@K_BaseObject@@UEAA_NXZ)
K_CardRewardScene.obj : error LNK2001: 확인할 수 없는 외부 기호 "public: virtual bool __cdecl K_BaseObject::PreRender(void)" (?PreRender@K_BaseObject@@UEAA_NXZ)
K_DeckViewScene.obj : error LNK2001: 확인할 수 없는 외부 기호 "public: virtual bool __cdecl K_BaseObject::PreRender(void)" (?PreRender@K_BaseObject@@UEAA_NXZ)
K_EliteBattleScene.obj : error LNK2001: 확인할 수 없는 외부 기호 "public: virtual bool __cdecl K_BaseObject::PreRender(void)" (?PreRender@K_BaseObject@@UEAA_NXZ)
K_EndingScene.obj : error LNK2001: 확인할 수 없는 외부 기호 "public: virtual bool __cdecl K_BaseObject::Render(void)" (?Render@K_BaseObject@@UEAA_NXZ)
K_MapScene.obj : error LNK2001: 확인할 수 없는 외부 기호 "public: virtual bool __cdecl K_BaseObject::Render(void)" (?Render@K_BaseObject@@UEAA_NXZ)
K_Scene.obj : error LNK2001: 확인할 수 없는 외부 기호 "public: virtual bool __cdecl K_BaseObject::Render(void)" (?Render@K_BaseObject@@UEAA_NXZ)
K_TitleScene.obj : error LNK2001: 확인할 수 없는 외부 기호 "public: virtual bool __cdecl K_BaseObject::Render(void)" (?Render@K_BaseObject@@UEAA_NXZ)
K_BattleScene.obj : error LNK2001: 확인할 수 없는 외부 기호 "public: virtual bool __cdecl K_BaseObject::Render(void)" (?Render@K_BaseObject@@UEAA_NXZ)
K_CardRewardScene.obj : error LNK2001: 확인할 수 없는 외부 기호 "public: virtual bool __cdecl K_BaseObject::Render(void)" (?Render@K_BaseObject@@UEAA_NXZ)
K_DeckViewScene.obj : error LNK2001: 확인할 수 없는 외부 기호 "public: virtual bool __cdecl K_BaseObject::Render(void)" (?Render@K_BaseObject@@UEAA_NXZ)
K_EliteBattleScene.obj : error LNK2001: 확인할 수 없는 외부 기호 "public: virtual bool __cdecl K_BaseObject::Render(void)" (?Render@K_BaseObject@@UEAA_NXZ)
K_EndingScene.obj : error LNK2001: 확인할 수 없는 외부 기호 "public: virtual bool __cdecl K_BaseObject::PostRender(void)" (?PostRender@K_BaseObject@@UEAA_NXZ)
K_MapScene.obj : error LNK2001: 확인할 수 없는 외부 기호 "public: virtual bool __cdecl K_BaseObject::PostRender(void)" (?PostRender@K_BaseObject@@UEAA_NXZ)
K_Scene.obj : error LNK2001: 확인할 수 없는 외부 기호 "public: virtual bool __cdecl K_BaseObject::PostRender(void)" (?PostRender@K_BaseObject@@UEAA_NXZ)
K_TitleScene.obj : error LNK2001: 확인할 수 없는 외부 기호 "public: virtual bool __cdecl K_BaseObject::PostRender(void)" (?PostRender@K_BaseObject@@UEAA_NXZ)
K_BattleScene.obj : error LNK2001: 확인할 수 없는 외부 기호 "public: virtual bool __cdecl K_BaseObject::PostRender(void)" (?PostRender@K_BaseObject@@UEAA_NXZ)
K_CardRewardScene.obj : error LNK2001: 확인할 수 없는 외부 기호 "public: virtual bool __cdecl K_BaseObject::PostRender(void)" (?PostRender@K_BaseObject@@UEAA_NXZ)
K_DeckViewScene.obj : error LNK2001: 확인할 수 없는 외부 기호 "public: virtual bool __cdecl K_BaseObject::PostRender(void)" (?PostRender@K_BaseObject@@UEAA_NXZ)
K_EliteBattleScene.obj : error LNK2001: 확인할 수 없는 외부 기호 "public: virtual bool __cdecl K_BaseObject::PostRender(void)" (?PostRender@K_BaseObject@@UEAA_NXZ)
K_EndingScene.obj : error LNK2001: 확인할 수 없는 외부 기호 "public: virtual bool __cdecl K_BaseObject::Release(void)" (?Release@K_BaseObject@@UEAA_NXZ)
K_MapScene.obj : error LNK2001: 확인할 수 없는 외부 기호 "public: virtual bool __cdecl K_BaseObject::Release(void)" (?Release@K_BaseObject@@UEAA_NXZ)
K_Scene.obj : error LNK2001: 확인할 수 없는 외부 기호 "public: virtual bool __cdecl K_BaseObject::Release(void)" (?Release@K_BaseObject@@UEAA_NXZ)
K_TitleScene.obj : error LNK2001: 확인할 수 없는 외부 기호 "public: virtual bool __cdecl K_BaseObject::Release(void)" (?Release@K_BaseObject@@UEAA_NXZ)
K_BattleScene.obj : error LNK2001: 확인할 수 없는 외부 기호 "public: virtual bool __cdecl K_BaseObject::Release(void)" (?Release@K_BaseObject@@UEAA_NXZ)
K_CardRewardScene.obj : error LNK2001: 확인할 수 없는 외부 기호 "public: virtual bool __cdecl K_BaseObject::Release(void)" (?Release@K_BaseObject@@UEAA_NXZ)
K_DeckViewScene.obj : error LNK2001: 확인할 수 없는 외부 기호 "public: virtual bool __cdecl K_BaseObject::Release(void)" (?Release@K_BaseObject@@UEAA_NXZ)
K_EliteBattleScene.obj : error LNK2001: 확인할 수 없는 외부 기호 "public: virtual bool __cdecl K_BaseObject::Release(void)" (?Release@K_BaseObject@@UEAA_NXZ)
K_EndingScene.obj : error LNK2001: 확인할 수 없는 외부 기호 "public: virtual bool __cdecl K_BaseObject::Create(struct ID3D11Device *,struct ID3D11DeviceContext *,wchar_t const *,wchar_t const *)" (?Create@K_BaseObject@@UEAA_NPEAUID3D11Device@@PEAUID3D11DeviceContext@@PEB_W2@Z)
K_MapScene.obj : error LNK2001: 확인할 수 없는 외부 기호 "public: virtual bool __cdecl K_BaseObject::Create(struct ID3D11Device *,struct ID3D11DeviceContext *,wchar_t const *,wchar_t const *)" (?Create@K_BaseObject@@UEAA_NPEAUID3D11Device@@PEAUID3D11DeviceContext@@PEB_W2@Z)
K_Scene.obj : error LNK2001: 확인할 수 없는 외부 기호 "public: virtual bool __cdecl K_BaseObject::Create(struct ID3D11Device *,struct ID3D11DeviceContext *,wchar_t const *,wchar_t const *)" (?Create@K_BaseObject@@UEAA_NPEAUID3D11Device@@PEAUID3D11DeviceContext@@PEB_W2@Z)
K_TitleScene.obj : error LNK2001: 확인할 수 없는 외부 기호 "public: virtual bool __cdecl K_BaseObject::Create(struct ID3D11Device *,struct ID3D11DeviceContext *,wchar_t const *,wchar_t const *)" (?Create@K_BaseObject@@UEAA_NPEAUID3D11Device@@PEAUID3D11DeviceContext@@PEB_W2@Z)
K_BattleScene.obj : error LNK2001: 확인할 수 없는 외부 기호 "public: virtual bool __cdecl K_BaseObject::Create(struct ID3D11Device *,struct ID3D11DeviceContext *,wchar_t const *,wchar_t const *)" (?Create@K_BaseObject@@UEAA_NPEAUID3D11Device@@PEAUID3D11DeviceContext@@PEB_W2@Z)
K_CardRewardScene.obj : error LNK2001: 확인할 수 없는 외부 기호 "public: virtual bool __cdecl K_BaseObject::Create(struct ID3D11Device *,struct ID3D11DeviceContext *,wchar_t const *,wchar_t const *)" (?Create@K_BaseObject@@UEAA_NPEAUID3D11Device@@PEAUID3D11DeviceContext@@PEB_W2@Z)
K_DeckViewScene.obj : error LNK2001: 확인할 수 없는 외부 기호 "public: virtual bool __cdecl K_BaseObject::Create(struct ID3D11Device *,struct ID3D11DeviceContext *,wchar_t const *,wchar_t const *)" (?Create@K_BaseObject@@UEAA_NPEAUID3D11Device@@PEAUID3D11DeviceContext@@PEB_W2@Z)
K_EliteBattleScene.obj : error LNK2001: 확인할 수 없는 외부 기호 "public: virtual bool __cdecl K_BaseObject::Create(struct ID3D11Device *,struct ID3D11DeviceContext *,wchar_t const *,wchar_t const *)" (?Create@K_BaseObject@@UEAA_NPEAUID3D11Device@@PEAUID3D11DeviceContext@@PEB_W2@Z)
K_EndingScene.obj : error LNK2001: 확인할 수 없는 외부 기호 "public: virtual void __cdecl K_2dObject::SetRect(class k_Vector4D)" (?SetRect@K_2dObject@@UEAAXVk_Vector4D@@@Z)
K_MapScene.obj : error LNK2001: 확인할 수 없는 외부 기호 "public: virtual void __cdecl K_2dObject::SetRect(class k_Vector4D)" (?SetRect@K_2dObject@@UEAAXVk_Vector4D@@@Z)
K_Scene.obj : error LNK2001: 확인할 수 없는 외부 기호 "public: virtual void __cdecl K_2dObject::SetRect(class k_Vector4D)" (?SetRect@K_2dObject@@UEAAXVk_Vector4D@@@Z)
K_TitleScene.obj : error LNK2001: 확인할 수 없는 외부 기호 "public: virtual void __cdecl K_2dObject::SetRect(class k_Vector4D)" (?SetRect@K_2dObject@@UEAAXVk_Vector4D@@@Z)
K_BattleScene.obj : error LNK2001: 확인할 수 없는 외부 기호 "public: virtual void __cdecl K_2dObject::SetRect(class k_Vector4D)" (?SetRect@K_2dObject@@UEAAXVk_Vector4D@@@Z)
K_CardRewardScene.obj : error LNK2001: 확인할 수 없는 외부 기호 "public: virtual void __cdecl K_2dObject::SetRect(class k_Vector4D)" (?SetRect@K_2dObject@@UEAAXVk_Vector4D@@@Z)
K_DeckViewScene.obj : error LNK2001: 확인할 수 없는 외부 기호 "public: virtual void __cdecl K_2dObject::SetRect(class k_Vector4D)" (?SetRect@K_2dObject@@UEAAXVk_Vector4D@@@Z)
K_EliteBattleScene.obj : error LNK2001: 확인할 수 없는 외부 기호 "public: virtual void __cdecl K_2dObject::SetRect(class k_Vector4D)" (?SetRect@K_2dObject@@UEAAXVk_Vector4D@@@Z)
K_EndingScene.obj : error LNK2001: 확인할 수 없는 외부 기호 "public: virtual void __cdecl K_2dObject::SetPosition(class k_Vector2D)" (?SetPosition@K_2dObject@@UEAAXVk_Vector2D@@@Z)
K_MapScene.obj : error LNK2001: 확인할 수 없는 외부 기호 "public: virtual void __cdecl K_2dObject::SetPosition(class k_Vector2D)" (?SetPosition@K_2dObject@@UEAAXVk_Vector2D@@@Z)
K_Scene.obj : error LNK2001: 확인할 수 없는 외부 기호 "public: virtual void __cdecl K_2dObject::SetPosition(class k_Vector2D)" (?SetPosition@K_2dObject@@UEAAXVk_Vector2D@@@Z)
K_TitleScene.obj : error LNK2001: 확인할 수 없는 외부 기호 "public: virtual void __cdecl K_2dObject::SetPosition(class k_Vector2D)" (?SetPosition@K_2dObject@@UEAAXVk_Vector2D@@@Z)
K_BattleScene.obj : error LNK2001: 확인할 수 없는 외부 기호 "public: virtual void __cdecl K_2dObject::SetPosition(class k_Vector2D)" (?SetPosition@K_2dObject@@UEAAXVk_Vector2D@@@Z)
K_CardRewardScene.obj : error LNK2001: 확인할 수 없는 외부 기호 "public: virtual void __cdecl K_2dObject::SetPosition(class k_Vector2D)" (?SetPosition@K_2dObject@@UEAAXVk_Vector2D@@@Z)
K_DeckViewScene.obj : error LNK2001: 확인할 수 없는 외부 기호 "public: virtual void __cdecl K_2dObject::SetPosition(class k_Vector2D)" (?SetPosition@K_2dObject@@UEAAXVk_Vector2D@@@Z)
K_EliteBattleScene.obj : error LNK2001: 확인할 수 없는 외부 기호 "public: virtual void __cdecl K_2dObject::SetPosition(class k_Vector2D)" (?SetPosition@K_2dObject@@UEAAXVk_Vector2D@@@Z)
K_EndingScene.obj : error LNK2001: 확인할 수 없는 외부 기호 "public: virtual void __cdecl K_2dObject::SetDrawSize(class k_Vector2D)" (?SetDrawSize@K_2dObject@@UEAAXVk_Vector2D@@@Z)
K_MapScene.obj : error LNK2001: 확인할 수 없는 외부 기호 "public: virtual void __cdecl K_2dObject::SetDrawSize(class k_Vector2D)" (?SetDrawSize@K_2dObject@@UEAAXVk_Vector2D@@@Z)
K_Scene.obj : error LNK2001: 확인할 수 없는 외부 기호 "public: virtual void __cdecl K_2dObject::SetDrawSize(class k_Vector2D)" (?SetDrawSize@K_2dObject@@UEAAXVk_Vector2D@@@Z)
K_TitleScene.obj : error LNK2001: 확인할 수 없는 외부 기호 "public: virtual void __cdecl K_2dObject::SetDrawSize(class k_Vector2D)" (?SetDrawSize@K_2dObject@@UEAAXVk_Vector2D@@@Z)
K_BattleScene.obj : error LNK2001: 확인할 수 없는 외부 기호 "public: virtual void __cdecl K_2dObject::SetDrawSize(class k_Vector2D)" (?SetDrawSize@K_2dObject@@UEAAXVk_Vector2D@@@Z)
K_CardRewardScene.obj : error LNK2001: 확인할 수 없는 외부 기호 "public: virtual void __cdecl K_2dObject::SetDrawSize(class k_Vector2D)" (?SetDrawSize@K_2dObject@@UEAAXVk_Vector2D@@@Z)
K_DeckViewScene.obj : error LNK2001: 확인할 수 없는 외부 기호 "public: virtual void __cdecl K_2dObject::SetDrawSize(class k_Vector2D)" (?SetDrawSize@K_2dObject@@UEAAXVk_Vector2D@@@Z)
K_EliteBattleScene.obj : error LNK2001: 확인할 수 없는 외부 기호 "public: virtual void __cdecl K_2dObject::SetDrawSize(class k_Vector2D)" (?SetDrawSize@K_2dObject@@UEAAXVk_Vector2D@@@Z)
K_EndingScene.obj : error LNK2001: 확인할 수 없는 외부 기호 "public: virtual void __cdecl K_2dObject::UpdateVertexBuffer(void)" (?UpdateVertexBuffer@K_2dObject@@UEAAXXZ)
K_MapScene.obj : error LNK2001: 확인할 수 없는 외부 기호 "public: virtual void __cdecl K_2dObject::UpdateVertexBuffer(void)" (?UpdateVertexBuffer@K_2dObject@@UEAAXXZ)
K_Scene.obj : error LNK2001: 확인할 수 없는 외부 기호 "public: virtual void __cdecl K_2dObject::UpdateVertexBuffer(void)" (?UpdateVertexBuffer@K_2dObject@@UEAAXXZ)
K_TitleScene.obj : error LNK2001: 확인할 수 없는 외부 기호 "public: virtual void __cdecl K_2dObject::UpdateVertexBuffer(void)" (?UpdateVertexBuffer@K_2dObject@@UEAAXXZ)
K_BattleScene.obj : error LNK2001: 확인할 수 없는 외부 기호 "public: virtual void __cdecl K_2dObject::UpdateVertexBuffer(void)" (?UpdateVertexBuffer@K_2dObject@@UEAAXXZ)
K_CardRewardScene.obj : error LNK2001: 확인할 수 없는 외부 기호 "public: virtual void __cdecl K_2dObject::UpdateVertexBuffer(void)" (?UpdateVertexBuffer@K_2dObject@@UEAAXXZ)
K_DeckViewScene.obj : error LNK2001: 확인할 수 없는 외부 기호 "public: virtual void __cdecl K_2dObject::UpdateVertexBuffer(void)" (?UpdateVertexBuffer@K_2dObject@@UEAAXXZ)
K_EliteBattleScene.obj : error LNK2001: 확인할 수 없는 외부 기호 "public: virtual void __cdecl K_2dObject::UpdateVertexBuffer(void)" (?UpdateVertexBuffer@K_2dObject@@UEAAXXZ)
K_EndingScene.obj : error LNK2001: 확인할 수 없는 외부 기호 "public: virtual void __cdecl K_2dObject::SetMask(class K_Texture *)" (?SetMask@K_2dObject@@UEAAXPEAVK_Texture@@@Z)
K_MapScene.obj : error LNK2001: 확인할 수 없는 외부 기호 "public: virtual void __cdecl K_2dObject::SetMask(class K_Texture *)" (?SetMask@K_2dObject@@UEAAXPEAVK_Texture@@@Z)
K_Scene.obj : error LNK2001: 확인할 수 없는 외부 기호 "public: virtual void __cdecl K_2dObject::SetMask(class K_Texture *)" (?SetMask@K_2dObject@@UEAAXPEAVK_Texture@@@Z)
K_TitleScene.obj : error LNK2001: 확인할 수 없는 외부 기호 "public: virtual void __cdecl K_2dObject::SetMask(class K_Texture *)" (?SetMask@K_2dObject@@UEAAXPEAVK_Texture@@@Z)
K_BattleScene.obj : error LNK2001: 확인할 수 없는 외부 기호 "public: virtual void __cdecl K_2dObject::SetMask(class K_Texture *)" (?SetMask@K_2dObject@@UEAAXPEAVK_Texture@@@Z)
K_CardRewardScene.obj : error LNK2001: 확인할 수 없는 외부 기호 "public: virtual void __cdecl K_2dObject::SetMask(class K_Texture *)" (?SetMask@K_2dObject@@UEAAXPEAVK_Texture@@@Z)
K_DeckViewScene.obj : error LNK2001: 확인할 수 없는 외부 기호 "public: virtual void __cdecl K_2dObject::SetMask(class K_Texture *)" (?SetMask@K_2dObject@@UEAAXPEAVK_Texture@@@Z)
K_EliteBattleScene.obj : error LNK2001: 확인할 수 없는 외부 기호 "public: virtual void __cdecl K_2dObject::SetMask(class K_Texture *)" (?SetMask@K_2dObject@@UEAAXPEAVK_Texture@@@Z)
K_EndingScene.obj : error LNK2001: 확인할 수 없는 외부 기호 "public: virtual bool __cdecl K_2dObject::Frame(void)" (?Frame@K_2dObject@@UEAA_NXZ)
K_MapScene.obj : error LNK2001: 확인할 수 없는 외부 기호 "public: virtual bool __cdecl K_2dObject::Frame(void)" (?Frame@K_2dObject@@UEAA_NXZ)
K_Scene.obj : error LNK2001: 확인할 수 없는 외부 기호 "public: virtual bool __cdecl K_2dObject::Frame(void)" (?Frame@K_2dObject@@UEAA_NXZ)
K_TitleScene.obj : error LNK2001: 확인할 수 없는 외부 기호 "public: virtual bool __cdecl K_2dObject::Frame(void)" (?Frame@K_2dObject@@UEAA_NXZ)
K_BattleScene.obj : error LNK2001: 확인할 수 없는 외부 기호 "public: virtual bool __cdecl K_2dObject::Frame(void)" (?Frame@K_2dObject@@UEAA_NXZ)
K_CardRewardScene.obj : error LNK2001: 확인할 수 없는 외부 기호 "public: virtual bool __cdecl K_2dObject::Frame(void)" (?Frame@K_2dObject@@UEAA_NXZ)
K_DeckViewScene.obj : error LNK2001: 확인할 수 없는 외부 기호 "public: virtual bool __cdecl K_2dObject::Frame(void)" (?Frame@K_2dObject@@UEAA_NXZ)
K_EliteBattleScene.obj : error LNK2001: 확인할 수 없는 외부 기호 "public: virtual bool __cdecl K_2dObject::Frame(void)" (?Frame@K_2dObject@@UEAA_NXZ)
K_EndingScene.obj : error LNK2001: 확인할 수 없는 외부 기호 "public: virtual bool __cdecl K_2dObject::Render(void)" (?Render@K_2dObject@@UEAA_NXZ)
K_MapScene.obj : error LNK2001: 확인할 수 없는 외부 기호 "public: virtual bool __cdecl K_2dObject::Render(void)" (?Render@K_2dObject@@UEAA_NXZ)
K_Scene.obj : error LNK2001: 확인할 수 없는 외부 기호 "public: virtual bool __cdecl K_2dObject::Render(void)" (?Render@K_2dObject@@UEAA_NXZ)
K_TitleScene.obj : error LNK2001: 확인할 수 없는 외부 기호 "public: virtual bool __cdecl K_2dObject::Render(void)" (?Render@K_2dObject@@UEAA_NXZ)
K_BattleScene.obj : error LNK2001: 확인할 수 없는 외부 기호 "public: virtual bool __cdecl K_2dObject::Render(void)" (?Render@K_2dObject@@UEAA_NXZ)
K_CardRewardScene.obj : error LNK2001: 확인할 수 없는 외부 기호 "public: virtual bool __cdecl K_2dObject::Render(void)" (?Render@K_2dObject@@UEAA_NXZ)
K_DeckViewScene.obj : error LNK2001: 확인할 수 없는 외부 기호 "public: virtual bool __cdecl K_2dObject::Render(void)" (?Render@K_2dObject@@UEAA_NXZ)
K_EliteBattleScene.obj : error LNK2001: 확인할 수 없는 외부 기호 "public: virtual bool __cdecl K_2dObject::Render(void)" (?Render@K_2dObject@@UEAA_NXZ)
K_EndingScene.obj : error LNK2001: 확인할 수 없는 외부 기호 "public: virtual void __cdecl K_2dObject::SetCamera(class k_Vector2D)" (?SetCamera@K_2dObject@@UEAAXVk_Vector2D@@@Z)
K_MapScene.obj : error LNK2001: 확인할 수 없는 외부 기호 "public: virtual void __cdecl K_2dObject::SetCamera(class k_Vector2D)" (?SetCamera@K_2dObject@@UEAAXVk_Vector2D@@@Z)
K_Scene.obj : error LNK2001: 확인할 수 없는 외부 기호 "public: virtual void __cdecl K_2dObject::SetCamera(class k_Vector2D)" (?SetCamera@K_2dObject@@UEAAXVk_Vector2D@@@Z)
K_TitleScene.obj : error LNK2001: 확인할 수 없는 외부 기호 "public: virtual void __cdecl K_2dObject::SetCamera(class k_Vector2D)" (?SetCamera@K_2dObject@@UEAAXVk_Vector2D@@@Z)
K_BattleScene.obj : error LNK2001: 확인할 수 없는 외부 기호 "public: virtual void __cdecl K_2dObject::SetCamera(class k_Vector2D)" (?SetCamera@K_2dObject@@UEAAXVk_Vector2D@@@Z)
K_CardRewardScene.obj : error LNK2001: 확인할 수 없는 외부 기호 "public: virtual void __cdecl K_2dObject::SetCamera(class k_Vector2D)" (?SetCamera@K_2dObject@@UEAAXVk_Vector2D@@@Z)
K_DeckViewScene.obj : error LNK2001: 확인할 수 없는 외부 기호 "public: virtual void __cdecl K_2dObject::SetCamera(class k_Vector2D)" (?SetCamera@K_2dObject@@UEAAXVk_Vector2D@@@Z)
K_EliteBattleScene.obj : error LNK2001: 확인할 수 없는 외부 기호 "public: virtual void __cdecl K_2dObject::SetCamera(class k_Vector2D)" (?SetCamera@K_2dObject@@UEAAXVk_Vector2D@@@Z)
K_TitleScene.obj : error LNK2001: 확인할 수 없는 외부 기호 "private: __cdecl K_SoundManager::K_SoundManager(void)" (??0K_SoundManager@@AEAA@XZ)
Sample.obj : error LNK2001: 확인할 수 없는 외부 기호 "private: __cdecl K_SoundManager::K_SoundManager(void)" (??0K_SoundManager@@AEAA@XZ)
K_BattleScene.obj : error LNK2001: 확인할 수 없는 외부 기호 "private: __cdecl K_SoundManager::K_SoundManager(void)" (??0K_SoundManager@@AEAA@XZ)
K_EliteBattleScene.obj : error LNK2001: 확인할 수 없는 외부 기호 "private: __cdecl K_SoundManager::K_SoundManager(void)" (??0K_SoundManager@@AEAA@XZ)
K_EndingScene.obj : error LNK2001: 확인할 수 없는 외부 기호 "private: __cdecl K_SoundManager::K_SoundManager(void)" (??0K_SoundManager@@AEAA@XZ)
K_MapScene.obj : error LNK2001: 확인할 수 없는 외부 기호 "private: __cdecl K_SoundManager::K_SoundManager(void)" (??0K_SoundManager@@AEAA@XZ)
K_TitleScene.obj : error LNK2001: 확인할 수 없는 외부 기호 "private: __cdecl K_SoundManager::~K_SoundManager(void)" (??1K_SoundManager@@AEAA@XZ)
Sample.obj : error LNK2001: 확인할 수 없는 외부 기호 "private: __cdecl K_SoundManager::~K_SoundManager(void)" (??1K_SoundManager@@AEAA@XZ)
K_BattleScene.obj : error LNK2001: 확인할 수 없는 외부 기호 "private: __cdecl K_SoundManager::~K_SoundManager(void)" (??1K_SoundManager@@AEAA@XZ)
K_EliteBattleScene.obj : error LNK2001: 확인할 수 없는 외부 기호 "private: __cdecl K_SoundManager::~K_SoundManager(void)" (??1K_SoundManager@@AEAA@XZ)
K_EndingScene.obj : error LNK2001: 확인할 수 없는 외부 기호 "private: __cdecl K_SoundManager::~K_SoundManager(void)" (??1K_SoundManager@@AEAA@XZ)
K_MapScene.obj : error LNK2001: 확인할 수 없는 외부 기호 "private: __cdecl K_SoundManager::~K_SoundManager(void)" (??1K_SoundManager@@AEAA@XZ)
K_TitleScene.obj : error LNK2001: 확인할 수 없는 외부 기호 "public: class K_Sound * __cdecl K_SoundManager::Load(class std::basic_string<wchar_t,struct std::char_traits<wchar_t>,class std::allocator<wchar_t> >)" (?Load@K_SoundManager@@QEAAPEAVK_Sound@@V?$basic_string@_WU?$char_traits@_W@std@@V?$allocator@_W@2@@std@@@Z)
K_BattleScene.obj : error LNK2001: 확인할 수 없는 외부 기호 "public: class K_Sound * __cdecl K_SoundManager::Load(class std::basic_string<wchar_t,struct std::char_traits<wchar_t>,class std::allocator<wchar_t> >)" (?Load@K_SoundManager@@QEAAPEAVK_Sound@@V?$basic_string@_WU?$char_traits@_W@std@@V?$allocator@_W@2@@std@@@Z)
K_EliteBattleScene.obj : error LNK2001: 확인할 수 없는 외부 기호 "public: class K_Sound * __cdecl K_SoundManager::Load(class std::basic_string<wchar_t,struct std::char_traits<wchar_t>,class std::allocator<wchar_t> >)" (?Load@K_SoundManager@@QEAAPEAVK_Sound@@V?$basic_string@_WU?$char_traits@_W@std@@V?$allocator@_W@2@@std@@@Z)
K_EndingScene.obj : error LNK2001: 확인할 수 없는 외부 기호 "public: class K_Sound * __cdecl K_SoundManager::Load(class std::basic_string<wchar_t,struct std::char_traits<wchar_t>,class std::allocator<wchar_t> >)" (?Load@K_SoundManager@@QEAAPEAVK_Sound@@V?$basic_string@_WU?$char_traits@_W@std@@V?$allocator@_W@2@@std@@@Z)
K_MapScene.obj : error LNK2001: 확인할 수 없는 외부 기호 "public: class K_Sound * __cdecl K_SoundManager::Load(class std::basic_string<wchar_t,struct std::char_traits<wchar_t>,class std::allocator<wchar_t> >)" (?Load@K_SoundManager@@QEAAPEAVK_Sound@@V?$basic_string@_WU?$char_traits@_W@std@@V?$allocator@_W@2@@std@@@Z)
Sample.obj : error LNK2001: 확인할 수 없는 외부 기호 "public: virtual bool __cdecl K_Window::Run(void)" (?Run@K_Window@@UEAA_NXZ)
Sample.obj : error LNK2019: "public: bool __cdecl K_Window::SetWindow(struct HINSTANCE__ *,wchar_t const *,unsigned int,unsigned int)" (?SetWindow@K_Window@@QEAA_NPEAUHINSTANCE__@@PEB_WII@Z)wWinMain 함수에서 참조되는 확인할 수 없는 외부 기호
Sample.obj : error LNK2019: "public: __cdecl K_Window::K_Window(void)" (??0K_Window@@QEAA@XZ)"public: __cdecl K_Device::K_Device(void)" (??0K_Device@@QEAA@XZ) 함수에서 참조되는 확인할 수 없는 외부 기호
Sample.obj : error LNK2001: 확인할 수 없는 외부 기호 "public: virtual bool __cdecl K_Device::Init(void)" (?Init@K_Device@@UEAA_NXZ)
Sample.obj : error LNK2001: 확인할 수 없는 외부 기호 "public: virtual bool __cdecl K_Device::Frame(void)" (?Frame@K_Device@@UEAA_NXZ)
Sample.obj : error LNK2001: 확인할 수 없는 외부 기호 "public: virtual bool __cdecl K_Device::Render(void)" (?Render@K_Device@@UEAA_NXZ)
Sample.obj : error LNK2001: 확인할 수 없는 외부 기호 "public: virtual bool __cdecl K_Device::Release(void)" (?Release@K_Device@@UEAA_NXZ)
Sample.obj : error LNK2001: 확인할 수 없는 외부 기호 "public: virtual bool __cdecl K_GameCore::Init(void)" (?Init@K_GameCore@@UEAA_NXZ)
Sample.obj : error LNK2001: 확인할 수 없는 외부 기호 "public: virtual bool __cdecl K_GameCore::Frame(void)" (?Frame@K_GameCore@@UEAA_NXZ)
Sample.obj : error LNK2001: 확인할 수 없는 외부 기호 "public: virtual bool __cdecl K_GameCore::Render(void)" (?Render@K_GameCore@@UEAA_NXZ)
Sample.obj : error LNK2001: 확인할 수 없는 외부 기호 "public: virtual bool __cdecl K_GameCore::Release(void)" (?Release@K_GameCore@@UEAA_NXZ)
Sample.obj : error LNK2019: "public: virtual bool __cdecl K_GameCore::Run(void)" (?Run@K_GameCore@@UEAA_NXZ)wWinMain 함수에서 참조되는 확인할 수 없는 외부 기호
Sample.obj : error LNK2019: "public: bool __cdecl K_SoundManager::Init(void)" (?Init@K_SoundManager@@QEAA_NXZ)"public: virtual bool __cdecl Sample::Init(void)" (?Init@Sample@@UEAA_NXZ) 함수에서 참조되는 확인할 수 없는 외부 기호
..\..\lib\KymGameCore_2D_d.lib : warning LNK4272: 'x86' 라이브러리 컴퓨터 종류가 'x64' 대상 컴퓨터 종류와 충돌합니다.
..\..\output\Debug\KYM_2D_Game.exe : fatal error LNK1120: 52개의 확인할 수 없는 외부 참조입니다.
