d:\kgca41\output\debug\octreedraw\vc142.pdb
d:\kgca41\output\debug\octreedraw\vc142.idb
d:\kgca41\output\debug\octreedraw\sample.obj
d:\kgca41\output\debug\octreedraw\k_window.obj
d:\kgca41\output\debug\octreedraw\k_vector2d.obj
d:\kgca41\output\debug\octreedraw\k_vector.obj
d:\kgca41\output\debug\octreedraw\k_quadtree.obj
d:\kgca41\output\debug\octreedraw\k_player2d.obj
d:\kgca41\output\debug\octreedraw\k_player.obj
d:\kgca41\output\debug\octreedraw\k_octree.obj
d:\kgca41\output\debug\octreedraw\k_object2d.obj
d:\kgca41\output\debug\octreedraw\k_object.obj
d:\kgca41\output\debug\octreedraw\k_npc2d.obj
d:\kgca41\output\debug\octreedraw\k_npc.obj
d:\kgca41\output\debug\octreedraw\k_node_factory.obj
d:\kgca41\output\debug\octreedraw\k_mapobject2d.obj
d:\kgca41\output\debug\octreedraw\k_mapobject.obj
d:\kgca41\output\debug\octreedraw\k_gamecore.obj
d:\kgca41\output\debug\octreedraw\k_device.obj
d:\kgca41\output\debug\octreedraw\k_collision.obj
d:\kgca41\output\debug\octreedraw\k_baseobject.obj
d:\kgca41\output\debug\octreedraw\octreedraw.ilk
d:\kgca41\output\debug\octreedraw.exe
d:\kgca41\output\debug\octreedraw.pdb
d:\kgca41\output\debug\octreedraw\octreedraw.tlog\cl.command.1.tlog
d:\kgca41\output\debug\octreedraw\octreedraw.tlog\cl.read.1.tlog
d:\kgca41\output\debug\octreedraw\octreedraw.tlog\cl.write.1.tlog
d:\kgca41\output\debug\octreedraw\octreedraw.tlog\link.command.1.tlog
d:\kgca41\output\debug\octreedraw\octreedraw.tlog\link.read.1.tlog
d:\kgca41\output\debug\octreedraw\octreedraw.tlog\link.write.1.tlog
