C:\Program Files (x86)\Microsoft Visual Studio\2019\Professional\MSBuild\Microsoft\VC\v160\Microsoft.CppBuild.targets(498,5): warning MSB8004: Intermediate 디렉터리가 슬래시로 끝나지 않습니다. Intermediate 디렉터리의 적절한 평가를 허용하는 데 필요하므로 이 빌드 인스턴스에서 슬래시를 추가합니다.
C:\Program Files (x86)\Microsoft Visual Studio\2019\Professional\MSBuild\Microsoft\VC\v160\Microsoft.CppBuild.targets(499,5): warning MSB8004: Output 디렉터리가 슬래시로 끝나지 않습니다. Output 디렉터리의 적절한 평가를 허용하는 데 필요하므로 이 빌드 인스턴스에서 슬래시를 추가합니다.
  K_Camera.cpp
D:\KGCA41\include\k_Vector.h(38,39): warning C4227: 오래된 구문을 사용했습니다. 참조의 한정자가 무시됩니다.
D:\KGCA41\include\k_Vector.h(40,41): warning C4227: 오래된 구문을 사용했습니다. 참조의 한정자가 무시됩니다.
  K_Collision.cpp
D:\KGCA41\include\k_Vector.h(38,39): warning C4227: 오래된 구문을 사용했습니다. 참조의 한정자가 무시됩니다.
D:\KGCA41\include\k_Vector.h(40,41): warning C4227: 오래된 구문을 사용했습니다. 참조의 한정자가 무시됩니다.
  K_DebugCamera.cpp
D:\KGCA41\include\k_Vector.h(38,39): warning C4227: 오래된 구문을 사용했습니다. 참조의 한정자가 무시됩니다.
D:\KGCA41\include\k_Vector.h(40,41): warning C4227: 오래된 구문을 사용했습니다. 참조의 한정자가 무시됩니다.
  K_Frustum.cpp
D:\KGCA41\include\k_Vector.h(38,39): warning C4227: 오래된 구문을 사용했습니다. 참조의 한정자가 무시됩니다.
D:\KGCA41\include\k_Vector.h(40,41): warning C4227: 오래된 구문을 사용했습니다. 참조의 한정자가 무시됩니다.
  K_Map.cpp
D:\KGCA41\include\k_Vector.h(38,39): warning C4227: 오래된 구문을 사용했습니다. 참조의 한정자가 무시됩니다.
D:\KGCA41\include\k_Vector.h(40,41): warning C4227: 오래된 구문을 사용했습니다. 참조의 한정자가 무시됩니다.
D:\KGCA41\KGCA41_kym\3D_7_HeightMap\K_Map.cpp(29,26): warning C4018: '<': signed 또는 unsigned가 일치하지 않습니다.
D:\KGCA41\KGCA41_kym\3D_7_HeightMap\K_Map.cpp(31,27): warning C4018: '<': signed 또는 unsigned가 일치하지 않습니다.
D:\KGCA41\KGCA41_kym\3D_7_HeightMap\K_Map.cpp(46,54): warning C4244: '인수': 'float'에서 'const unsigned __int64'(으)로 변환하면서 데이터가 손실될 수 있습니다.
D:\KGCA41\KGCA41_kym\3D_7_HeightMap\K_Map.cpp(48,26): warning C4018: '<': signed 또는 unsigned가 일치하지 않습니다.
D:\KGCA41\KGCA41_kym\3D_7_HeightMap\K_Map.cpp(50,27): warning C4018: '<': signed 또는 unsigned가 일치하지 않습니다.
D:\KGCA41\KGCA41_kym\3D_7_HeightMap\K_Map.cpp(67,35): warning C4267: '=': 'size_t'에서 'DWORD'(으)로 변환하면서 데이터가 손실될 수 있습니다.
  K_Node.cpp
D:\KGCA41\include\k_Vector.h(38,39): warning C4227: 오래된 구문을 사용했습니다. 참조의 한정자가 무시됩니다.
D:\KGCA41\include\k_Vector.h(40,41): warning C4227: 오래된 구문을 사용했습니다. 참조의 한정자가 무시됩니다.
D:\KGCA41\KGCA41_kym\3D_7_HeightMap\K_Node.cpp(51,26): warning C4018: '<': signed 또는 unsigned가 일치하지 않습니다.
D:\KGCA41\KGCA41_kym\3D_7_HeightMap\K_Node.cpp(53,27): warning C4018: '<': signed 또는 unsigned가 일치하지 않습니다.
D:\KGCA41\KGCA41_kym\3D_7_HeightMap\K_Node.cpp(80,35): warning C4267: '=': 'size_t'에서 'DWORD'(으)로 변환하면서 데이터가 손실될 수 있습니다.
D:\KGCA41\KGCA41_kym\3D_7_HeightMap\K_Node.cpp(113,51): warning C4267: '=': 'size_t'에서 'UINT'(으)로 변환하면서 데이터가 손실될 수 있습니다.
  K_QuadTree.cpp
D:\KGCA41\include\k_Vector.h(38,39): warning C4227: 오래된 구문을 사용했습니다. 참조의 한정자가 무시됩니다.
D:\KGCA41\include\k_Vector.h(40,41): warning C4227: 오래된 구문을 사용했습니다. 참조의 한정자가 무시됩니다.
  K_Shape.cpp
D:\KGCA41\include\k_Vector.h(38,39): warning C4227: 오래된 구문을 사용했습니다. 참조의 한정자가 무시됩니다.
D:\KGCA41\include\k_Vector.h(40,41): warning C4227: 오래된 구문을 사용했습니다. 참조의 한정자가 무시됩니다.
  Sample.cpp
D:\KGCA41\include\k_Vector.h(38,39): warning C4227: 오래된 구문을 사용했습니다. 참조의 한정자가 무시됩니다.
D:\KGCA41\include\k_Vector.h(40,41): warning C4227: 오래된 구문을 사용했습니다. 참조의 한정자가 무시됩니다.
  코드를 생성하고 있습니다...
DirectXTK.lib(DDSTextureLoader.obj) : warning LNK4099: 'DirectXTK.pdb' PDB를 'DirectXTK.lib(DDSTextureLoader.obj)' 또는 'D:\KGCA41\output\Debug\DirectXTK.pdb'에서 찾을 수 없습니다. 디버그 정보가 없는 것처럼 개체를 링크합니다.
DirectXTK.lib(pch.obj) : warning LNK4099: 'DirectXTK.pdb' PDB를 'DirectXTK.lib(pch.obj)' 또는 'D:\KGCA41\output\Debug\DirectXTK.pdb'에서 찾을 수 없습니다. 디버그 정보가 없는 것처럼 개체를 링크합니다.
DirectXTK.lib(WICTextureLoader.obj) : warning LNK4099: 'DirectXTK.pdb' PDB를 'DirectXTK.lib(WICTextureLoader.obj)' 또는 'D:\KGCA41\output\Debug\DirectXTK.pdb'에서 찾을 수 없습니다. 디버그 정보가 없는 것처럼 개체를 링크합니다.
  3D_7_HeightMap.vcxproj -> D:\KGCA41\output\Debug\3D_7_HeightMap.exe
