d:\kgca41\output\debug\imguitool_0\vc142.pdb
d:\kgca41\output\debug\imguitool_0\vc142.idb
d:\kgca41\output\debug\imguitool_0\sample.obj
d:\kgca41\output\debug\imguitool_0\k_shape.obj
d:\kgca41\output\debug\imguitool_0\k_quadtree.obj
d:\kgca41\output\debug\imguitool_0\k_node.obj
d:\kgca41\output\debug\imguitool_0\k_map.obj
d:\kgca41\output\debug\imguitool_0\k_frustum.obj
d:\kgca41\output\debug\imguitool_0\k_debugcamera.obj
d:\kgca41\output\debug\imguitool_0\k_collision.obj
d:\kgca41\output\debug\imguitool_0\k_camera.obj
d:\kgca41\output\debug\imguitool_0.exe
d:\kgca41\output\debug\imguitool_0\imguitool_0.ilk
d:\kgca41\output\debug\imguitool_0.pdb
d:\kgca41\output\debug\imguitool_0\imguitool_0.tlog\cl.command.1.tlog
d:\kgca41\output\debug\imguitool_0\imguitool_0.tlog\cl.read.1.tlog
d:\kgca41\output\debug\imguitool_0\imguitool_0.tlog\cl.write.1.tlog
d:\kgca41\output\debug\imguitool_0\imguitool_0.tlog\link.command.1.tlog
d:\kgca41\output\debug\imguitool_0\imguitool_0.tlog\link.read.1.tlog
d:\kgca41\output\debug\imguitool_0\imguitool_0.tlog\link.write.1.tlog
