C:\Program Files (x86)\Microsoft Visual Studio\2019\Professional\MSBuild\Microsoft\VC\v160\Microsoft.CppBuild.targets(498,5): warning MSB8004: Intermediate 디렉터리가 슬래시로 끝나지 않습니다. Intermediate 디렉터리의 적절한 평가를 허용하는 데 필요하므로 이 빌드 인스턴스에서 슬래시를 추가합니다.
C:\Program Files (x86)\Microsoft Visual Studio\2019\Professional\MSBuild\Microsoft\VC\v160\Microsoft.CppBuild.targets(499,5): warning MSB8004: Output 디렉터리가 슬래시로 끝나지 않습니다. Output 디렉터리의 적절한 평가를 허용하는 데 필요하므로 이 빌드 인스턴스에서 슬래시를 추가합니다.
          1개 파일이 복사되었습니다.
  K_BaseObject.cpp
D:\KGCA_2\KGCA41_kym\KymGameCore\k_Vector.h(38,39): warning C4227: 오래된 구문을 사용했습니다. 참조의 한정자가 무시됩니다.
D:\KGCA_2\KGCA41_kym\KymGameCore\k_Vector.h(40,41): warning C4227: 오래된 구문을 사용했습니다. 참조의 한정자가 무시됩니다.
D:\KGCA_2\KGCA41_kym\KymGameCore\K_BaseObject.cpp(113,61): warning C4267: '인수': 'size_t'에서 'UINT'(으)로 변환하면서 데이터가 손실될 수 있습니다.
D:\KGCA_2\KGCA41_kym\KymGameCore\K_BaseObject.cpp(115,70): warning C4267: '인수': 'size_t'에서 'UINT'(으)로 변환하면서 데이터가 손실될 수 있습니다.
D:\KGCA_2\KGCA41_kym\KymGameCore\K_BaseObject.cpp(197,42): warning C4267: '=': 'size_t'에서 'DWORD'(으)로 변환하면서 데이터가 손실될 수 있습니다.
D:\KGCA_2\KGCA41_kym\KymGameCore\K_BaseObject.cpp(219,65): warning C4267: '=': 'size_t'에서 'UINT'(으)로 변환하면서 데이터가 손실될 수 있습니다.
D:\KGCA_2\KGCA41_kym\KymGameCore\K_BaseObject.cpp(247,58): warning C4267: '=': 'size_t'에서 'UINT'(으)로 변환하면서 데이터가 손실될 수 있습니다.
C:\Program Files (x86)\Microsoft Visual Studio\2019\Professional\MSBuild\Microsoft\VC\v160\Microsoft.CppBuild.targets(1545,5): warning MSB8012: TargetPath(D:\KGCA_2\output\Debug\KymGameCore\KymGameCore.lib)이(가) Library의 OutputFile 속성 값(D:\KGCA_2\KGCA41_kym\KymGameCore\KymGameCore_d.lib)과 일치하지 않습니다. 이로 인해 프로젝트가 잘못 빌드될 수 있습니다. 이를 수정하려면 $(OutDir), $(TargetName) 및 $(TargetExt) 속성 값이 %(Lib.OutputFile)에 지정된 값과 일치해야 합니다.
C:\Program Files (x86)\Microsoft Visual Studio\2019\Professional\MSBuild\Microsoft\VC\v160\Microsoft.CppBuild.targets(1547,5): warning MSB8012: TargetName(KymGameCore)이(가) Library의 OutputFile 속성 값(KymGameCore_d)과 일치하지 않습니다. 이로 인해 프로젝트가 잘못 빌드될 수 있습니다. 이를 수정하려면 $(OutDir), $(TargetName) 및 $(TargetExt) 속성 값이 %(Lib.OutputFile)에 지정된 값과 일치해야 합니다.
  KymGameCore.vcxproj -> D:\KGCA_2\output\Debug\KymGameCore\KymGameCore.lib
  K_2dObject.h
  K_BaseObject.h
  K_Device.h
  K_DxState.h
  K_GameCore.h
  K_Input.h
  K_Matrix.h
  K_RenderTarget.h
  K_Shader.h
  K_ShaderManager.h
  K_Sound.h
  K_SoundManager.h
  K_Std.h
  K_Texture.h
  K_TextureManager.h
  K_Timer.h
  k_Vector.h
  k_Vector2D.h
  K_Window.h
  K_Write.h
  TMath.h
         21개 파일이 복사되었습니다.
          1개 파일이 복사되었습니다.
