d:\kgca41\output\debug\kymgamecore_2d\kymgamecore_2d.pdb
d:\kgca41\output\debug\kymgamecore_2d\kymgamecore_2d.idb
d:\kgca41\output\debug\kymgamecore_2d\tmath.obj
d:\kgca41\output\debug\kymgamecore_2d\k_write.obj
d:\kgca41\output\debug\kymgamecore_2d\k_window.obj
d:\kgca41\output\debug\kymgamecore_2d\k_vector2d.obj
d:\kgca41\output\debug\kymgamecore_2d\k_vector.obj
d:\kgca41\output\debug\kymgamecore_2d\k_timer.obj
d:\kgca41\output\debug\kymgamecore_2d\k_texturemanager.obj
d:\kgca41\output\debug\kymgamecore_2d\k_texture.obj
d:\kgca41\output\debug\kymgamecore_2d\k_soundmanager.obj
d:\kgca41\output\debug\kymgamecore_2d\k_sound.obj
d:\kgca41\output\debug\kymgamecore_2d\k_shadermanager.obj
d:\kgca41\output\debug\kymgamecore_2d\k_shader.obj
d:\kgca41\output\debug\kymgamecore_2d\k_rendertarget.obj
d:\kgca41\output\debug\kymgamecore_2d\k_matrix.obj
d:\kgca41\output\debug\kymgamecore_2d\k_input.obj
d:\kgca41\output\debug\kymgamecore_2d\k_gamecore.obj
d:\kgca41\output\debug\kymgamecore_2d\k_dxstate.obj
d:\kgca41\output\debug\kymgamecore_2d\k_device.obj
d:\kgca41\output\debug\kymgamecore_2d\k_baseobject.obj
d:\kgca41\output\debug\kymgamecore_2d\k_2dobject.obj
d:\kgca41\kgca41_kym\kymgamecore_2d\kymgamecore_d.lib
d:\kgca41\output\debug\kymgamecore_2d\kymgamecore_2d.tlog\cl.command.1.tlog
d:\kgca41\output\debug\kymgamecore_2d\kymgamecore_2d.tlog\cl.read.1.tlog
d:\kgca41\output\debug\kymgamecore_2d\kymgamecore_2d.tlog\cl.write.1.tlog
d:\kgca41\output\debug\kymgamecore_2d\kymgamecore_2d.tlog\lib-link.read.1.tlog
d:\kgca41\output\debug\kymgamecore_2d\kymgamecore_2d.tlog\lib-link.write.1.tlog
d:\kgca41\output\debug\kymgamecore_2d\kymgamecore_2d.tlog\lib.command.1.tlog
